<?xml version="1.0" encoding="UTF-8"?>
<testng-results skipped="0" failed="0" ignored="0" total="0" passed="0">
  <reporter-output>
  </reporter-output>
  <suite name="zxjt.mobile_interface_1.AppTest" duration-ms="16" started-at="2017-11-02T09:36:03Z" finished-at="2017-11-02T09:36:03Z">
    <groups>
    </groups>
    <test name="Command line test" duration-ms="16" started-at="2017-11-02T09:36:03Z" finished-at="2017-11-02T09:36:03Z">
    </test> <!-- Command line test -->
  </suite> <!-- zxjt.mobile_interface_1.AppTest -->
</testng-results>
